Linked: (/mnt/working/moveit/devel/.private/moveit_ros_perception/share/moveit_ros_perception/cmake/moveit_ros_perceptionConfig-version.cmake, /mnt/working/moveit/devel/share/moveit_ros_perception/cmake/moveit_ros_perceptionConfig-version.cmake)
Linked: (/mnt/working/moveit/devel/.private/moveit_ros_perception/share/moveit_ros_perception/cmake/moveit_ros_perceptionConfig.cmake, /mnt/working/moveit/devel/share/moveit_ros_perception/cmake/moveit_ros_perceptionConfig.cmake)
Linked: (/mnt/working/moveit/devel/.private/moveit_ros_perception/lib/libmoveit_lazy_free_space_updater.so, /mnt/working/moveit/devel/lib/libmoveit_lazy_free_space_updater.so)
Linked: (/mnt/working/moveit/devel/.private/moveit_ros_perception/lib/libmoveit_depth_image_octomap_updater.so.1.1.11, /mnt/working/moveit/devel/lib/libmoveit_depth_image_octomap_updater.so.1.1.11)
Linked: (/mnt/working/moveit/devel/.private/moveit_ros_perception/lib/libmoveit_semantic_world.so, /mnt/working/moveit/devel/lib/libmoveit_semantic_world.so)
Linked: (/mnt/working/moveit/devel/.private/moveit_ros_perception/lib/libmoveit_mesh_filter.so, /mnt/working/moveit/devel/lib/libmoveit_mesh_filter.so)
Linked: (/mnt/working/moveit/devel/.private/moveit_ros_perception/lib/libmoveit_semantic_world.so.1.1.11, /mnt/working/moveit/devel/lib/libmoveit_semantic_world.so.1.1.11)
Linked: (/mnt/working/moveit/devel/.private/moveit_ros_perception/lib/libmoveit_point_containment_filter.so.1.1.11, /mnt/working/moveit/devel/lib/libmoveit_point_containment_filter.so.1.1.11)
Linked: (/mnt/working/moveit/devel/.private/moveit_ros_perception/lib/libmoveit_mesh_filter.so.1.1.11, /mnt/working/moveit/devel/lib/libmoveit_mesh_filter.so.1.1.11)
Linked: (/mnt/working/moveit/devel/.private/moveit_ros_perception/lib/libmoveit_depth_image_octomap_updater_core.so, /mnt/working/moveit/devel/lib/libmoveit_depth_image_octomap_updater_core.so)
Linked: (/mnt/working/moveit/devel/.private/moveit_ros_perception/lib/libmoveit_depth_image_octomap_updater.so, /mnt/working/moveit/devel/lib/libmoveit_depth_image_octomap_updater.so)
Linked: (/mnt/working/moveit/devel/.private/moveit_ros_perception/lib/libmoveit_depth_self_filter.so, /mnt/working/moveit/devel/lib/libmoveit_depth_self_filter.so)
Linked: (/mnt/working/moveit/devel/.private/moveit_ros_perception/lib/libmoveit_pointcloud_octomap_updater_core.so, /mnt/working/moveit/devel/lib/libmoveit_pointcloud_octomap_updater_core.so)
Linked: (/mnt/working/moveit/devel/.private/moveit_ros_perception/lib/libmoveit_pointcloud_octomap_updater.so, /mnt/working/moveit/devel/lib/libmoveit_pointcloud_octomap_updater.so)
Linked: (/mnt/working/moveit/devel/.private/moveit_ros_perception/lib/libmoveit_pointcloud_octomap_updater.so.1.1.11, /mnt/working/moveit/devel/lib/libmoveit_pointcloud_octomap_updater.so.1.1.11)
Linked: (/mnt/working/moveit/devel/.private/moveit_ros_perception/lib/libmoveit_depth_self_filter.so.1.1.11, /mnt/working/moveit/devel/lib/libmoveit_depth_self_filter.so.1.1.11)
Linked: (/mnt/working/moveit/devel/.private/moveit_ros_perception/lib/libmoveit_point_containment_filter.so, /mnt/working/moveit/devel/lib/libmoveit_point_containment_filter.so)
Linked: (/mnt/working/moveit/devel/.private/moveit_ros_perception/lib/libmoveit_pointcloud_octomap_updater_core.so.1.1.11, /mnt/working/moveit/devel/lib/libmoveit_pointcloud_octomap_updater_core.so.1.1.11)
Linked: (/mnt/working/moveit/devel/.private/moveit_ros_perception/lib/libmoveit_depth_image_octomap_updater_core.so.1.1.11, /mnt/working/moveit/devel/lib/libmoveit_depth_image_octomap_updater_core.so.1.1.11)
Linked: (/mnt/working/moveit/devel/.private/moveit_ros_perception/lib/libmoveit_lazy_free_space_updater.so.1.1.11, /mnt/working/moveit/devel/lib/libmoveit_lazy_free_space_updater.so.1.1.11)
Linked: (/mnt/working/moveit/devel/.private/moveit_ros_perception/lib/pkgconfig/moveit_ros_perception.pc, /mnt/working/moveit/devel/lib/pkgconfig/moveit_ros_perception.pc)
