[  0%] Built target octomap_msgs_generate_messages_py
[  0%] Built target geometry_msgs_generate_messages_cpp
[  0%] Built target geometry_msgs_generate_messages_eus
[  0%] Built target geometry_msgs_generate_messages_lisp
[  0%] Built target geometry_msgs_generate_messages_py
[  0%] Built target geometry_msgs_generate_messages_nodejs
[  0%] Built target std_msgs_generate_messages_cpp
[  0%] Built target std_msgs_generate_messages_eus
[  0%] Built target std_msgs_generate_messages_lisp
[  0%] Built target std_msgs_generate_messages_nodejs
[  0%] Built target tf2_msgs_generate_messages_cpp
[  0%] Built target std_msgs_generate_messages_py
[  0%] Built target tf2_msgs_generate_messages_lisp
[  0%] Built target tf2_msgs_generate_messages_nodejs
[  0%] Built target tf2_msgs_generate_messages_eus
[  0%] Built target tf2_msgs_generate_messages_py
[  0%] Built target _catkin_empty_exported_target
[  0%] Built target actionlib_msgs_generate_messages_cpp
[  0%] Built target actionlib_msgs_generate_messages_eus
[  0%] Built target actionlib_msgs_generate_messages_nodejs
[  0%] Built target actionlib_msgs_generate_messages_lisp
[  0%] Built target actionlib_msgs_generate_messages_py
[  0%] Built target actionlib_generate_messages_cpp
[  0%] Built target actionlib_generate_messages_eus
[  0%] Built target actionlib_generate_messages_lisp
[  0%] Built target actionlib_generate_messages_nodejs
[  0%] Built target actionlib_generate_messages_py
[  0%] Built target roscpp_generate_messages_cpp
[  0%] Built target roscpp_generate_messages_eus
[  0%] Built target roscpp_generate_messages_lisp
[  0%] Built target roscpp_generate_messages_py
[  0%] Built target roscpp_generate_messages_nodejs
[  0%] Built target rosgraph_msgs_generate_messages_cpp
[  0%] Built target rosgraph_msgs_generate_messages_eus
[  0%] Built target rosgraph_msgs_generate_messages_lisp
[  0%] Built target rosgraph_msgs_generate_messages_py
[  0%] Built target rosgraph_msgs_generate_messages_nodejs
[  0%] Built target shape_msgs_generate_messages_cpp
[  0%] Built target shape_msgs_generate_messages_eus
[  0%] Built target shape_msgs_generate_messages_lisp
[  0%] Built target shape_msgs_generate_messages_nodejs
[  0%] Built target shape_msgs_generate_messages_py
[  0%] Built target visualization_msgs_generate_messages_cpp
[  0%] Built target visualization_msgs_generate_messages_lisp
[  0%] Built target visualization_msgs_generate_messages_eus
[  0%] Built target visualization_msgs_generate_messages_nodejs
[  0%] Built target moveit_msgs_generate_messages_cpp
[  0%] Built target visualization_msgs_generate_messages_py
[  0%] Built target moveit_msgs_generate_messages_eus
[  0%] Built target moveit_msgs_generate_messages_lisp
[  0%] Built target moveit_msgs_generate_messages_py
[  0%] Built target moveit_msgs_generate_messages_nodejs
[  0%] Built target sensor_msgs_generate_messages_cpp
[  0%] Built target sensor_msgs_generate_messages_eus
[  0%] Built target sensor_msgs_generate_messages_lisp
[  0%] Built target sensor_msgs_generate_messages_py
[  0%] Built target sensor_msgs_generate_messages_nodejs
[  0%] Built target trajectory_msgs_generate_messages_eus
[  0%] Built target trajectory_msgs_generate_messages_cpp
[  0%] Built target trajectory_msgs_generate_messages_lisp
[  0%] Built target trajectory_msgs_generate_messages_py
[  0%] Built target trajectory_msgs_generate_messages_nodejs
[  0%] Built target object_recognition_msgs_generate_messages_lisp
[  0%] Built target object_recognition_msgs_generate_messages_eus
[  0%] Built target object_recognition_msgs_generate_messages_cpp
[  0%] Built target object_recognition_msgs_generate_messages_py
[  0%] Built target object_recognition_msgs_generate_messages_nodejs
[  0%] Built target octomap_msgs_generate_messages_eus
[  0%] Built target octomap_msgs_generate_messages_lisp
[  0%] Built target octomap_msgs_generate_messages_cpp
[  0%] Built target octomap_msgs_generate_messages_nodejs
[  1%] Built target moveit_exceptions
[  3%] [34m[1mGenerating /mnt/working/moveit/devel/.private/moveit_core/include/moveit/version.h, always_rebuild[0m
[  4%] Built target moveit_profiler
[  6%] Built target moveit_background_processing
[  7%] Built target gtest
--  *** Building MoveIt 1.1.12-devel ***
[  9%] [34m[1mGenerating version.h[0m
[ 12%] Built target moveit_distance_field
[ 14%] Built target moveit_python_tools
[ 18%] Built target moveit_utils
[ 18%] Built target version_h
[ 20%] Built target moveit_kinematics_base
[35m[1mConsolidate compiler generated dependencies of target moveit_version[0m
[ 20%] [32mBuilding CXX object version/CMakeFiles/moveit_version.dir/version.cpp.o[0m
[ 21%] Built target moveit_transforms
[ 32%] Built target moveit_robot_model
[ 34%] Built target moveit_test_utils
[ 37%] Built target moveit_robot_state
[ 40%] Built target robot_state_benchmark
[ 42%] Built target moveit_robot_trajectory
[ 43%] Built target moveit_kinematics_metrics
[ 45%] Built target moveit_dynamics_solver
[ 54%] Built target moveit_collision_detection
[ 60%] Built target moveit_trajectory_processing
[ 64%] Built target moveit_planning_interface
[ 65%] Built target moveit_collision_detection_fcl
[ 71%] Built target moveit_collision_detection_bullet
[ 75%] Built target moveit_kinematic_constraints
[ 76%] [32m[1mLinking CXX executable /mnt/working/moveit/devel/.private/moveit_core/lib/moveit_core/moveit_version[0m
[ 78%] Built target moveit_planning_scene
[ 79%] Built target moveit_planning_request_adapter
[ 81%] Built target collision_detector_fcl_plugin
[ 87%] Built target moveit_constraint_samplers
[ 87%] Built target moveit_version
[ 93%] Built target pymoveit_core
[ 95%] Built target collision_detector_bullet_plugin
[100%] Built target moveit_collision_distance_field
