Performing C SOURCE FILE Test CMAKE_HAVE_LIBC_PTHREAD failed with the following output:
Change Dir: /mnt/working/moveit/build/moveit_ros_visualization/CMakeFiles/CMakeTmp

Run Build Command(s):/usr/bin/make -f Makefile cmTC_0e939/fast && /usr/bin/make  -f CMakeFiles/cmTC_0e939.dir/build.make CMakeFiles/cmTC_0e939.dir/build
make[1]: Entering directory '/mnt/working/moveit/build/moveit_ros_visualization/CMakeFiles/CMakeTmp'
Building C object CMakeFiles/cmTC_0e939.dir/src.c.o
/usr/bin/cc -DCMAKE_HAVE_LIBC_PTHREAD   -o CMakeFiles/cmTC_0e939.dir/src.c.o -c /mnt/working/moveit/build/moveit_ros_visualization/CMakeFiles/CMakeTmp/src.c
Linking C executable cmTC_0e939
/usr/bin/cmake -E cmake_link_script CMakeFiles/cmTC_0e939.dir/link.txt --verbose=1
/usr/bin/cc -rdynamic CMakeFiles/cmTC_0e939.dir/src.c.o -o cmTC_0e939 
/usr/bin/ld: CMakeFiles/cmTC_0e939.dir/src.c.o: in function `main':
src.c:(.text+0x48): undefined reference to `pthread_create'
/usr/bin/ld: src.c:(.text+0x50): undefined reference to `pthread_detach'
/usr/bin/ld: src.c:(.text+0x58): undefined reference to `pthread_cancel'
/usr/bin/ld: src.c:(.text+0x64): undefined reference to `pthread_join'
collect2: error: ld returned 1 exit status
make[1]: *** [CMakeFiles/cmTC_0e939.dir/build.make:99: cmTC_0e939] Error 1
make[1]: Leaving directory '/mnt/working/moveit/build/moveit_ros_visualization/CMakeFiles/CMakeTmp'
make: *** [Makefile:127: cmTC_0e939/fast] Error 2


Source file was:
#include <pthread.h>

static void* test_func(void* data)
{
  return data;
}

int main(void)
{
  pthread_t thread;
  pthread_create(&thread, NULL, test_func, NULL);
  pthread_detach(thread);
  pthread_cancel(thread);
  pthread_join(thread, NULL);
  pthread_atfork(NULL, NULL, NULL);
  pthread_exit(NULL);

  return 0;
}

Determining if the function pthread_create exists in the pthreads failed with the following output:
Change Dir: /mnt/working/moveit/build/moveit_ros_visualization/CMakeFiles/CMakeTmp

Run Build Command(s):/usr/bin/make -f Makefile cmTC_b7706/fast && /usr/bin/make  -f CMakeFiles/cmTC_b7706.dir/build.make CMakeFiles/cmTC_b7706.dir/build
make[1]: Entering directory '/mnt/working/moveit/build/moveit_ros_visualization/CMakeFiles/CMakeTmp'
Building C object CMakeFiles/cmTC_b7706.dir/CheckFunctionExists.c.o
/usr/bin/cc   -DCHECK_FUNCTION_EXISTS=pthread_create -o CMakeFiles/cmTC_b7706.dir/CheckFunctionExists.c.o -c /usr/share/cmake-3.24/Modules/CheckFunctionExists.c
Linking C executable cmTC_b7706
/usr/bin/cmake -E cmake_link_script CMakeFiles/cmTC_b7706.dir/link.txt --verbose=1
/usr/bin/cc  -DCHECK_FUNCTION_EXISTS=pthread_create -rdynamic CMakeFiles/cmTC_b7706.dir/CheckFunctionExists.c.o -o cmTC_b7706  -lpthreads 
/usr/bin/ld: cannot find -lpthreads
collect2: error: ld returned 1 exit status
make[1]: *** [CMakeFiles/cmTC_b7706.dir/build.make:99: cmTC_b7706] Error 1
make[1]: Leaving directory '/mnt/working/moveit/build/moveit_ros_visualization/CMakeFiles/CMakeTmp'
make: *** [Makefile:127: cmTC_b7706/fast] Error 2



